
*** Running vivado
    with args -log tetris_shell.vds -m64 -product Vivado -mode batch -messageDb vivado.pb -notrace -source tetris_shell.tcl


****** Vivado v2018.3.1 (64-bit)
  **** SW Build 2489853 on Tue Mar 26 04:20:25 MDT 2019
  **** IP Build 2486929 on Tue Mar 26 06:44:21 MDT 2019
    ** Copyright 1986-2019 Xilinx, Inc. All Rights Reserved.

source tetris_shell.tcl -notrace
Command: synth_design -top tetris_shell -part xc7a35tcpg236-1
Starting synth_design
Attempting to get a license for feature 'Synthesis' and/or device 'xc7a35t'
INFO: [Common 17-349] Got license for feature 'Synthesis' and/or device 'xc7a35t'
INFO: Launching helper process for spawning children vivado processes
INFO: Helper process launched with PID 9964 
---------------------------------------------------------------------------------
Starting RTL Elaboration : Time (s): cpu = 00:00:02 ; elapsed = 00:00:02 . Memory (MB): peak = 420.422 ; gain = 101.820
---------------------------------------------------------------------------------
INFO: [Synth 8-638] synthesizing module 'tetris_shell' [O:/ENGS31/Tetris/tetris_project/tetris_project.srcs/sources_1/new/tetris_shell.vhd:45]
INFO: [Synth 8-3491] module 'pixel_clock_generator' declared at 'O:/ENGS31/Tetris/tetris_project/tetris_project.srcs/sources_1/new/clock_generator.vhd:17' bound to instance 'clocking' of component 'pixel_clock_generator' [O:/ENGS31/Tetris/tetris_project/tetris_project.srcs/sources_1/new/tetris_shell.vhd:369]
INFO: [Synth 8-638] synthesizing module 'pixel_clock_generator' [O:/ENGS31/Tetris/tetris_project/tetris_project.srcs/sources_1/new/clock_generator.vhd:26]
INFO: [Synth 8-113] binding component instance 'pixel_clock_buffer' to cell 'BUFG' [O:/ENGS31/Tetris/tetris_project/tetris_project.srcs/sources_1/new/clock_generator.vhd:62]
INFO: [Synth 8-256] done synthesizing module 'pixel_clock_generator' (1#1) [O:/ENGS31/Tetris/tetris_project/tetris_project.srcs/sources_1/new/clock_generator.vhd:26]
INFO: [Synth 8-3491] module 'tetris_game_controller' declared at 'O:/ENGS31/Tetris/tetris_project/tetris_project.srcs/sources_1/new/tetris_game_controller.vhd:34' bound to instance 'game_controller' of component 'tetris_game_controller' [O:/ENGS31/Tetris/tetris_project/tetris_project.srcs/sources_1/new/tetris_shell.vhd:376]
INFO: [Synth 8-638] synthesizing module 'tetris_game_controller' [O:/ENGS31/Tetris/tetris_project/tetris_project.srcs/sources_1/new/tetris_game_controller.vhd:68]
WARNING: [Synth 8-614] signal 'CHECK_GAMEOVER_TC' is read in the process but is not in the sensitivity list [O:/ENGS31/Tetris/tetris_project/tetris_project.srcs/sources_1/new/tetris_game_controller.vhd:113]
WARNING: [Synth 8-614] signal 'CURRENT_ACTION' is read in the process but is not in the sensitivity list [O:/ENGS31/Tetris/tetris_project/tetris_project.srcs/sources_1/new/tetris_game_controller.vhd:266]
INFO: [Synth 8-256] done synthesizing module 'tetris_game_controller' (2#1) [O:/ENGS31/Tetris/tetris_project/tetris_project.srcs/sources_1/new/tetris_game_controller.vhd:68]
INFO: [Synth 8-3491] module 'check_lines' declared at 'O:/ENGS31/Tetris/tetris_project/tetris_project.srcs/sources_1/new/check_lines.vhd:34' bound to instance 'check_lines_block' of component 'check_lines' [O:/ENGS31/Tetris/tetris_project/tetris_project.srcs/sources_1/new/tetris_shell.vhd:412]
INFO: [Synth 8-638] synthesizing module 'check_lines' [O:/ENGS31/Tetris/tetris_project/tetris_project.srcs/sources_1/new/check_lines.vhd:46]
INFO: [Synth 8-256] done synthesizing module 'check_lines' (3#1) [O:/ENGS31/Tetris/tetris_project/tetris_project.srcs/sources_1/new/check_lines.vhd:46]
INFO: [Synth 8-3491] module 'button_interface' declared at 'O:/ENGS31/Tetris/tetris_project/tetris_project.srcs/sources_1/new/input_conditioning.vhd:14' bound to instance 'input_conditioning_up' of component 'button_interface' [O:/ENGS31/Tetris/tetris_project/tetris_project.srcs/sources_1/new/tetris_shell.vhd:427]
INFO: [Synth 8-638] synthesizing module 'button_interface' [O:/ENGS31/Tetris/tetris_project/tetris_project.srcs/sources_1/new/input_conditioning.vhd:24]
INFO: [Synth 8-256] done synthesizing module 'button_interface' (4#1) [O:/ENGS31/Tetris/tetris_project/tetris_project.srcs/sources_1/new/input_conditioning.vhd:24]
INFO: [Synth 8-3491] module 'button_interface' declared at 'O:/ENGS31/Tetris/tetris_project/tetris_project.srcs/sources_1/new/input_conditioning.vhd:14' bound to instance 'input_conditioning_down' of component 'button_interface' [O:/ENGS31/Tetris/tetris_project/tetris_project.srcs/sources_1/new/tetris_shell.vhd:436]
INFO: [Synth 8-3491] module 'button_interface' declared at 'O:/ENGS31/Tetris/tetris_project/tetris_project.srcs/sources_1/new/input_conditioning.vhd:14' bound to instance 'input_conditioning_left' of component 'button_interface' [O:/ENGS31/Tetris/tetris_project/tetris_project.srcs/sources_1/new/tetris_shell.vhd:445]
INFO: [Synth 8-3491] module 'button_interface' declared at 'O:/ENGS31/Tetris/tetris_project/tetris_project.srcs/sources_1/new/input_conditioning.vhd:14' bound to instance 'input_conditioning_right' of component 'button_interface' [O:/ENGS31/Tetris/tetris_project/tetris_project.srcs/sources_1/new/tetris_shell.vhd:454]
INFO: [Synth 8-3491] module 'vga_controller' declared at 'O:/ENGS31/Tetris/tetris_project/tetris_project.srcs/sources_1/new/vga_controller.vhd:32' bound to instance 'vga_controller_block' of component 'vga_controller' [O:/ENGS31/Tetris/tetris_project/tetris_project.srcs/sources_1/new/tetris_shell.vhd:464]
INFO: [Synth 8-638] synthesizing module 'vga_controller' [O:/ENGS31/Tetris/tetris_project/tetris_project.srcs/sources_1/new/vga_controller.vhd:45]
INFO: [Synth 8-256] done synthesizing module 'vga_controller' (5#1) [O:/ENGS31/Tetris/tetris_project/tetris_project.srcs/sources_1/new/vga_controller.vhd:45]
INFO: [Synth 8-3491] module 'blk_mem_gen_0' declared at 'O:/ENGS31/Tetris/tetris_project/tetris_project.runs/synth_1/.Xil/Vivado-10936-mecha-8/realtime/blk_mem_gen_0_stub.v:6' bound to instance 'memory' of component 'blk_mem_gen_0' [O:/ENGS31/Tetris/tetris_project/tetris_project.srcs/sources_1/new/tetris_shell.vhd:479]
INFO: [Synth 8-6157] synthesizing module 'blk_mem_gen_0' [O:/ENGS31/Tetris/tetris_project/tetris_project.runs/synth_1/.Xil/Vivado-10936-mecha-8/realtime/blk_mem_gen_0_stub.v:6]
INFO: [Synth 8-6155] done synthesizing module 'blk_mem_gen_0' (6#1) [O:/ENGS31/Tetris/tetris_project/tetris_project.runs/synth_1/.Xil/Vivado-10936-mecha-8/realtime/blk_mem_gen_0_stub.v:6]
INFO: [Synth 8-3491] module 'blk_mem_gen_1' declared at 'O:/ENGS31/Tetris/tetris_project/tetris_project.runs/synth_1/.Xil/Vivado-10936-mecha-8/realtime/blk_mem_gen_1_stub.v:6' bound to instance 'grid_memory' of component 'blk_mem_gen_1' [O:/ENGS31/Tetris/tetris_project/tetris_project.srcs/sources_1/new/tetris_shell.vhd:491]
INFO: [Synth 8-6157] synthesizing module 'blk_mem_gen_1' [O:/ENGS31/Tetris/tetris_project/tetris_project.runs/synth_1/.Xil/Vivado-10936-mecha-8/realtime/blk_mem_gen_1_stub.v:6]
INFO: [Synth 8-6155] done synthesizing module 'blk_mem_gen_1' (7#1) [O:/ENGS31/Tetris/tetris_project/tetris_project.runs/synth_1/.Xil/Vivado-10936-mecha-8/realtime/blk_mem_gen_1_stub.v:6]
INFO: [Synth 8-3491] module 'Piece_Generator' declared at 'O:/ENGS31/Tetris/tetris_project/tetris_project.srcs/sources_1/new/Piece_Generator.vhd:34' bound to instance 'piece_generation' of component 'Piece_Generator' [O:/ENGS31/Tetris/tetris_project/tetris_project.srcs/sources_1/new/tetris_shell.vhd:500]
INFO: [Synth 8-638] synthesizing module 'Piece_Generator' [O:/ENGS31/Tetris/tetris_project/tetris_project.srcs/sources_1/new/Piece_Generator.vhd:42]
INFO: [Synth 8-256] done synthesizing module 'Piece_Generator' (8#1) [O:/ENGS31/Tetris/tetris_project/tetris_project.srcs/sources_1/new/Piece_Generator.vhd:42]
INFO: [Synth 8-3491] module 'Color_Decoder' declared at 'O:/ENGS31/Tetris/tetris_project/tetris_project.srcs/sources_1/new/Color_Decoder.vhd:34' bound to instance 'color' of component 'Color_Decoder' [O:/ENGS31/Tetris/tetris_project/tetris_project.srcs/sources_1/new/tetris_shell.vhd:512]
INFO: [Synth 8-638] synthesizing module 'Color_Decoder' [O:/ENGS31/Tetris/tetris_project/tetris_project.srcs/sources_1/new/Color_Decoder.vhd:42]
INFO: [Synth 8-256] done synthesizing module 'Color_Decoder' (9#1) [O:/ENGS31/Tetris/tetris_project/tetris_project.srcs/sources_1/new/Color_Decoder.vhd:42]
INFO: [Synth 8-3491] module 'address_generator' declared at 'O:/ENGS31/Tetris/tetris_project/tetris_project.srcs/sources_1/new/address_generator.vhd:34' bound to instance 'address_generator_block' of component 'address_generator' [O:/ENGS31/Tetris/tetris_project/tetris_project.srcs/sources_1/new/tetris_shell.vhd:521]
INFO: [Synth 8-638] synthesizing module 'address_generator' [O:/ENGS31/Tetris/tetris_project/tetris_project.srcs/sources_1/new/address_generator.vhd:44]
INFO: [Synth 8-256] done synthesizing module 'address_generator' (10#1) [O:/ENGS31/Tetris/tetris_project/tetris_project.srcs/sources_1/new/address_generator.vhd:44]
INFO: [Synth 8-3491] module 'collision_detection' declared at 'O:/ENGS31/Tetris/tetris_project/tetris_project.srcs/sources_1/new/collision_detection.vhd:34' bound to instance 'collision_detector' of component 'collision_detection' [O:/ENGS31/Tetris/tetris_project/tetris_project.srcs/sources_1/new/tetris_shell.vhd:536]
INFO: [Synth 8-638] synthesizing module 'collision_detection' [O:/ENGS31/Tetris/tetris_project/tetris_project.srcs/sources_1/new/collision_detection.vhd:46]
INFO: [Synth 8-256] done synthesizing module 'collision_detection' (11#1) [O:/ENGS31/Tetris/tetris_project/tetris_project.srcs/sources_1/new/collision_detection.vhd:46]
INFO: [Synth 8-3491] module 'down_counter' declared at 'O:/ENGS31/Tetris/tetris_project/tetris_project.srcs/sources_1/new/down_counter.vhd:34' bound to instance 'down_counter_block' of component 'Down_Counter' [O:/ENGS31/Tetris/tetris_project/tetris_project.srcs/sources_1/new/tetris_shell.vhd:552]
INFO: [Synth 8-638] synthesizing module 'down_counter' [O:/ENGS31/Tetris/tetris_project/tetris_project.srcs/sources_1/new/down_counter.vhd:42]
INFO: [Synth 8-256] done synthesizing module 'down_counter' (12#1) [O:/ENGS31/Tetris/tetris_project/tetris_project.srcs/sources_1/new/down_counter.vhd:42]
INFO: [Synth 8-3491] module 'make_move' declared at 'O:/ENGS31/Tetris/tetris_project/tetris_project.srcs/sources_1/new/make_move.vhd:34' bound to instance 'make_move_block' of component 'make_move' [O:/ENGS31/Tetris/tetris_project/tetris_project.srcs/sources_1/new/tetris_shell.vhd:560]
INFO: [Synth 8-638] synthesizing module 'make_move' [O:/ENGS31/Tetris/tetris_project/tetris_project.srcs/sources_1/new/make_move.vhd:46]
INFO: [Synth 8-256] done synthesizing module 'make_move' (13#1) [O:/ENGS31/Tetris/tetris_project/tetris_project.srcs/sources_1/new/make_move.vhd:46]
INFO: [Synth 8-3491] module 'memory_interface' declared at 'O:/ENGS31/Tetris/tetris_project/tetris_project.srcs/sources_1/new/memory_interface.vhd:34' bound to instance 'memory_interface_block' of component 'memory_interface' [O:/ENGS31/Tetris/tetris_project/tetris_project.srcs/sources_1/new/tetris_shell.vhd:576]
INFO: [Synth 8-638] synthesizing module 'memory_interface' [O:/ENGS31/Tetris/tetris_project/tetris_project.srcs/sources_1/new/memory_interface.vhd:45]
INFO: [Synth 8-256] done synthesizing module 'memory_interface' (14#1) [O:/ENGS31/Tetris/tetris_project/tetris_project.srcs/sources_1/new/memory_interface.vhd:45]
INFO: [Synth 8-3491] module 'piece_memory' declared at 'O:/ENGS31/Tetris/tetris_project/tetris_project.srcs/sources_1/new/piece_memory.vhd:34' bound to instance 'piece_memory_block' of component 'piece_memory' [O:/ENGS31/Tetris/tetris_project/tetris_project.srcs/sources_1/new/tetris_shell.vhd:600]
INFO: [Synth 8-638] synthesizing module 'piece_memory' [O:/ENGS31/Tetris/tetris_project/tetris_project.srcs/sources_1/new/piece_memory.vhd:52]
INFO: [Synth 8-256] done synthesizing module 'piece_memory' (15#1) [O:/ENGS31/Tetris/tetris_project/tetris_project.srcs/sources_1/new/piece_memory.vhd:52]
INFO: [Synth 8-3491] module 'write_new_piece' declared at 'O:/ENGS31/Tetris/tetris_project/tetris_project.srcs/sources_1/new/write_new_piece.vhd:34' bound to instance 'write_new_piece_block' of component 'write_new_piece' [O:/ENGS31/Tetris/tetris_project/tetris_project.srcs/sources_1/new/tetris_shell.vhd:625]
INFO: [Synth 8-638] synthesizing module 'write_new_piece' [O:/ENGS31/Tetris/tetris_project/tetris_project.srcs/sources_1/new/write_new_piece.vhd:43]
INFO: [Synth 8-256] done synthesizing module 'write_new_piece' (16#1) [O:/ENGS31/Tetris/tetris_project/tetris_project.srcs/sources_1/new/write_new_piece.vhd:43]
INFO: [Synth 8-3491] module 'Draw_Counter' declared at 'O:/ENGS31/Tetris/tetris_project/tetris_project.srcs/sources_1/new/Draw_Counter.vhd:34' bound to instance 'draw_counter_block' of component 'draw_counter' [O:/ENGS31/Tetris/tetris_project/tetris_project.srcs/sources_1/new/tetris_shell.vhd:636]
INFO: [Synth 8-638] synthesizing module 'Draw_Counter' [O:/ENGS31/Tetris/tetris_project/tetris_project.srcs/sources_1/new/Draw_Counter.vhd:43]
INFO: [Synth 8-256] done synthesizing module 'Draw_Counter' (17#1) [O:/ENGS31/Tetris/tetris_project/tetris_project.srcs/sources_1/new/Draw_Counter.vhd:43]
INFO: [Synth 8-3491] module 'Get_Drawing_Color' declared at 'O:/ENGS31/Tetris/tetris_project/tetris_project.srcs/sources_1/new/Get_Drawing_Color.vhd:34' bound to instance 'Get_Drawing_Color_block' of component 'Get_Drawing_Color' [O:/ENGS31/Tetris/tetris_project/tetris_project.srcs/sources_1/new/tetris_shell.vhd:644]
INFO: [Synth 8-638] synthesizing module 'Get_Drawing_Color' [O:/ENGS31/Tetris/tetris_project/tetris_project.srcs/sources_1/new/Get_Drawing_Color.vhd:42]
INFO: [Synth 8-256] done synthesizing module 'Get_Drawing_Color' (18#1) [O:/ENGS31/Tetris/tetris_project/tetris_project.srcs/sources_1/new/Get_Drawing_Color.vhd:42]
INFO: [Synth 8-3491] module 'checking_gameover' declared at 'O:/ENGS31/Tetris/tetris_project/tetris_project.srcs/sources_1/new/checking_gameover.vhd:34' bound to instance 'checking_gameover_block' of component 'checking_gameover' [O:/ENGS31/Tetris/tetris_project/tetris_project.srcs/sources_1/new/tetris_shell.vhd:651]
INFO: [Synth 8-638] synthesizing module 'checking_gameover' [O:/ENGS31/Tetris/tetris_project/tetris_project.srcs/sources_1/new/checking_gameover.vhd:45]
INFO: [Synth 8-256] done synthesizing module 'checking_gameover' (19#1) [O:/ENGS31/Tetris/tetris_project/tetris_project.srcs/sources_1/new/checking_gameover.vhd:45]
INFO: [Synth 8-256] done synthesizing module 'tetris_shell' (20#1) [O:/ENGS31/Tetris/tetris_project/tetris_project.srcs/sources_1/new/tetris_shell.vhd:45]
WARNING: [Synth 8-3331] design write_new_piece has unconnected port write_new_piece_en
---------------------------------------------------------------------------------
Finished RTL Elaboration : Time (s): cpu = 00:00:03 ; elapsed = 00:00:05 . Memory (MB): peak = 483.016 ; gain = 164.414
---------------------------------------------------------------------------------

Report Check Netlist: 
+------+------------------+-------+---------+-------+------------------+
|      |Item              |Errors |Warnings |Status |Description       |
+------+------------------+-------+---------+-------+------------------+
|1     |multi_driven_nets |      0|        0|Passed |Multi driven nets |
+------+------------------+-------+---------+-------+------------------+
---------------------------------------------------------------------------------
Start Handling Custom Attributes
---------------------------------------------------------------------------------
---------------------------------------------------------------------------------
Finished Handling Custom Attributes : Time (s): cpu = 00:00:03 ; elapsed = 00:00:05 . Memory (MB): peak = 483.016 ; gain = 164.414
---------------------------------------------------------------------------------
---------------------------------------------------------------------------------
Finished RTL Optimization Phase 1 : Time (s): cpu = 00:00:03 ; elapsed = 00:00:05 . Memory (MB): peak = 483.016 ; gain = 164.414
---------------------------------------------------------------------------------
INFO: [Device 21-403] Loading part xc7a35tcpg236-1
INFO: [Project 1-570] Preparing netlist for logic optimization

Processing XDC Constraints
Initializing timing engine
Parsing XDC File [o:/ENGS31/Tetris/tetris_project/tetris_project.srcs/sources_1/ip/blk_mem_gen_0/blk_mem_gen_0/blk_mem_gen_0_in_context.xdc] for cell 'memory'
Finished Parsing XDC File [o:/ENGS31/Tetris/tetris_project/tetris_project.srcs/sources_1/ip/blk_mem_gen_0/blk_mem_gen_0/blk_mem_gen_0_in_context.xdc] for cell 'memory'
Parsing XDC File [o:/ENGS31/Tetris/tetris_project/tetris_project.srcs/sources_1/ip/blk_mem_gen_1/blk_mem_gen_1/blk_mem_gen_1_in_context.xdc] for cell 'grid_memory'
Finished Parsing XDC File [o:/ENGS31/Tetris/tetris_project/tetris_project.srcs/sources_1/ip/blk_mem_gen_1/blk_mem_gen_1/blk_mem_gen_1_in_context.xdc] for cell 'grid_memory'
Parsing XDC File [O:/ENGS31/Tetris/tetris_project/tetris_project.srcs/constrs_1/new/tetris_constraints.xdc]
Finished Parsing XDC File [O:/ENGS31/Tetris/tetris_project/tetris_project.srcs/constrs_1/new/tetris_constraints.xdc]
INFO: [Project 1-236] Implementation specific constraints were found while reading constraint file [O:/ENGS31/Tetris/tetris_project/tetris_project.srcs/constrs_1/new/tetris_constraints.xdc]. These constraints will be ignored for synthesis but will be used in implementation. Impacted constraints are listed in the file [.Xil/tetris_shell_propImpl.xdc].
Resolution: To avoid this warning, move constraints listed in [.Xil/tetris_shell_propImpl.xdc] to another XDC file and exclude this new file from synthesis with the used_in_synthesis property (File Properties dialog in GUI) and re-run elaboration/synthesis.
Parsing XDC File [O:/ENGS31/Tetris/tetris_project/tetris_project.runs/synth_1/dont_touch.xdc]
Finished Parsing XDC File [O:/ENGS31/Tetris/tetris_project/tetris_project.runs/synth_1/dont_touch.xdc]
Netlist sorting complete. Time (s): cpu = 00:00:00 ; elapsed = 00:00:00 . Memory (MB): peak = 814.848 ; gain = 0.000
Completed Processing XDC Constraints

Netlist sorting complete. Time (s): cpu = 00:00:00 ; elapsed = 00:00:00.001 . Memory (MB): peak = 814.918 ; gain = 0.000
INFO: [Project 1-111] Unisim Transformation Summary:
No Unisim elements were transformed.

Netlist sorting complete. Time (s): cpu = 00:00:00 ; elapsed = 00:00:00 . Memory (MB): peak = 814.918 ; gain = 0.000
Constraint Validation Runtime : Time (s): cpu = 00:00:00 ; elapsed = 00:00:00.014 . Memory (MB): peak = 814.918 ; gain = 0.000
---------------------------------------------------------------------------------
Finished Constraint Validation : Time (s): cpu = 00:00:11 ; elapsed = 00:00:16 . Memory (MB): peak = 814.918 ; gain = 496.316
---------------------------------------------------------------------------------
---------------------------------------------------------------------------------
Start Loading Part and Timing Information
---------------------------------------------------------------------------------
Loading part: xc7a35tcpg236-1
---------------------------------------------------------------------------------
Finished Loading Part and Timing Information : Time (s): cpu = 00:00:11 ; elapsed = 00:00:16 . Memory (MB): peak = 814.918 ; gain = 496.316
---------------------------------------------------------------------------------
---------------------------------------------------------------------------------
Start Applying 'set_property' XDC Constraints
---------------------------------------------------------------------------------
Applied set_property DONT_TOUCH = true for memory. (constraint file  auto generated constraint, line ).
Applied set_property DONT_TOUCH = true for grid_memory. (constraint file  auto generated constraint, line ).
---------------------------------------------------------------------------------
Finished applying 'set_property' XDC Constraints : Time (s): cpu = 00:00:11 ; elapsed = 00:00:16 . Memory (MB): peak = 814.918 ; gain = 496.316
---------------------------------------------------------------------------------
INFO: [Synth 8-802] inferred FSM for state register 'CS_reg' in module 'tetris_game_controller'
INFO: [Synth 8-5544] ROM "CLR_DOWN_CNT" won't be mapped to Block RAM because address size (2) smaller than threshold (5)
INFO: [Synth 8-5544] ROM "CHECK_GAMEOVER_TC" won't be mapped to Block RAM because address size (3) smaller than threshold (5)
INFO: [Synth 8-5544] ROM "write_new_piece_tc" won't be mapped to Block RAM because address size (2) smaller than threshold (5)
INFO: [Synth 8-5544] ROM "valid_move_tc" won't be mapped to Block RAM because address size (3) smaller than threshold (5)
INFO: [Synth 8-5544] ROM "make_move_tc" won't be mapped to Block RAM because address size (3) smaller than threshold (5)
INFO: [Synth 8-5546] ROM "check_lines_tc" won't be mapped to RAM because it is too sparse
INFO: [Synth 8-5544] ROM "wait_lines_tc" won't be mapped to Block RAM because address size (3) smaller than threshold (5)
INFO: [Synth 8-5546] ROM "clear_lines_tc" won't be mapped to RAM because it is too sparse
INFO: [Synth 8-5546] ROM "wait_lines_en" won't be mapped to RAM because it is too sparse
INFO: [Synth 8-5546] ROM "CHECK_GAMEOVER_EN_SIGNAL" won't be mapped to RAM because it is too sparse
INFO: [Synth 8-5587] ROM size for "currently_playing" is below threshold of ROM address width. It will be mapped to LUTs
INFO: [Synth 8-5546] ROM "drawing_number" won't be mapped to RAM because it is too sparse
INFO: [Synth 8-5546] ROM "clear_draw_count" won't be mapped to RAM because it is too sparse
INFO: [Synth 8-5546] ROM "GAME_GRID_MEM_WRITE_EN" won't be mapped to RAM because it is too sparse
INFO: [Synth 8-5546] ROM "CLEAR_LINES_EN" won't be mapped to RAM because it is too sparse
INFO: [Synth 8-5546] ROM "CHECK_LINES" won't be mapped to RAM because it is too sparse
INFO: [Synth 8-5546] ROM "count_make_move_en" won't be mapped to RAM because it is too sparse
INFO: [Synth 8-5546] ROM "count_valid_move_en" won't be mapped to RAM because it is too sparse
INFO: [Synth 8-5546] ROM "NEXT_ACTION" won't be mapped to RAM because it is too sparse
INFO: [Synth 8-5587] ROM size for "WRITE_EN" is below threshold of ROM address width. It will be mapped to LUTs
INFO: [Synth 8-5546] ROM "count_write_new_piece_en" won't be mapped to RAM because it is too sparse
INFO: [Synth 8-5546] ROM "GEN_PIECE" won't be mapped to RAM because it is too sparse
INFO: [Synth 8-5546] ROM "LOAD_NEW_ACTION_EN" won't be mapped to RAM because it is too sparse
INFO: [Synth 8-5546] ROM "LOAD_GEN_EN" won't be mapped to RAM because it is too sparse
INFO: [Synth 8-5546] ROM "LOAD_NEXT_MOVE_EN" won't be mapped to RAM because it is too sparse
INFO: [Synth 8-5546] ROM "REQ_MOVE" won't be mapped to RAM because it is too sparse
INFO: [Synth 8-5544] ROM "NS" won't be mapped to Block RAM because address size (1) smaller than threshold (5)
INFO: [Synth 8-5544] ROM "NS" won't be mapped to Block RAM because address size (2) smaller than threshold (5)
INFO: [Synth 8-5544] ROM "NS" won't be mapped to Block RAM because address size (1) smaller than threshold (5)
INFO: [Synth 8-5546] ROM "full_row" won't be mapped to RAM because it is too sparse
INFO: [Synth 8-5544] ROM "is_empty" won't be mapped to Block RAM because address size (4) smaller than threshold (5)
INFO: [Synth 8-5546] ROM "col_count_tc" won't be mapped to RAM because it is too sparse
INFO: [Synth 8-5546] ROM "game_grid_count_tc" won't be mapped to RAM because it is too sparse
INFO: [Synth 8-802] inferred FSM for state register 'current_state_reg' in module 'button_interface'
INFO: [Synth 8-5546] ROM "timeout" won't be mapped to RAM because it is too sparse
INFO: [Synth 8-5544] ROM "reset" won't be mapped to Block RAM because address size (2) smaller than threshold (5)
INFO: [Synth 8-5544] ROM "debounced" won't be mapped to Block RAM because address size (2) smaller than threshold (5)
INFO: [Synth 8-5544] ROM "next_state" won't be mapped to Block RAM because address size (1) smaller than threshold (5)
INFO: [Synth 8-5544] ROM "next_state" won't be mapped to Block RAM because address size (1) smaller than threshold (5)
INFO: [Synth 8-5546] ROM "v_tc" won't be mapped to RAM because it is too sparse
INFO: [Synth 8-5546] ROM "h_tc" won't be mapped to RAM because it is too sparse
INFO: [Synth 8-5546] ROM "v_block_tc" won't be mapped to RAM because it is too sparse
INFO: [Synth 8-5546] ROM "h_block_tc" won't be mapped to RAM because it is too sparse
INFO: [Synth 8-5544] ROM "piece_count_tc" won't be mapped to Block RAM because address size (3) smaller than threshold (5)
INFO: [Synth 8-5544] ROM "Color" won't be mapped to Block RAM because address size (4) smaller than threshold (5)
INFO: [Synth 8-5544] ROM "next_rotation" won't be mapped to Block RAM because address size (2) smaller than threshold (5)
INFO: [Synth 8-5544] ROM "open_square" won't be mapped to Block RAM because address size (4) smaller than threshold (5)
INFO: [Synth 8-5546] ROM "col_tc" won't be mapped to RAM because it is too sparse
INFO: [Synth 8-5546] ROM "row_tc" won't be mapped to RAM because it is too sparse
INFO: [Synth 8-5544] ROM "color_port" won't be mapped to Block RAM because address size (1) smaller than threshold (5)
INFO: [Synth 8-5544] ROM "addr_count_tc" won't be mapped to Block RAM because address size (3) smaller than threshold (5)
INFO: [Synth 8-5544] ROM "is_zero" won't be mapped to Block RAM because address size (4) smaller than threshold (5)
---------------------------------------------------------------------------------------------------
                   State |                     New Encoding |                Previous Encoding 
---------------------------------------------------------------------------------------------------
               startwait |         000000000000000000000001 |                            10000
              drawtetris |         000000000000000000000010 |                            10001
              waittetris |         000000000000000000000100 |                            10010
       prepdrawgameboard |         000000000000000000001000 |                            10011
           drawgameboard |         000000000000000000010000 |                            10100
             gennewpiece |         000000000000000000100000 |                            00000
           checkgameover |         000000000000000001000000 |                            10101
            drawgameover |         000000000000000010000000 |                            10110
            waitgameover |         000000000000000100000000 |                            10111
            loadnewpiece |         000000000000001000000000 |                            00001
           writenewpiece |         000000000000010000000000 |                            00010
                mainwait |         000000000000100000000000 |                            00101
               storedown |         000000000001000000000000 |                            01001
                 storeup |         000000000010000000000000 |                            00110
               storeleft |         000000000100000000000000 |                            00111
              storeright |         000000001000000000000000 |                            01000
          checkvalidmove |         000000010000000000000000 |                            01010
           waitvalidmove |         000000100000000000000000 |                            01011
      interpretvalidmove |         000001000000000000000000 |                            01110
                makemove |         000010000000000000000000 |                            01100
             loadnewmove |         000100000000000000000000 |                            01101
              checklines |         001000000000000000000000 |                            00011
               waitlines |         010000000000000000000000 |                            01111
              clearlines |         100000000000000000000000 |                            00100
---------------------------------------------------------------------------------------------------
INFO: [Synth 8-3354] encoded FSM with state register 'CS_reg' using encoding 'one-hot' in module 'tetris_game_controller'
---------------------------------------------------------------------------------------------------
                   State |                     New Encoding |                Previous Encoding 
---------------------------------------------------------------------------------------------------
                     low |                               00 |                               00
             low_to_high |                               01 |                               01
                    high |                               10 |                               10
             high_to_low |                               11 |                               11
---------------------------------------------------------------------------------------------------
INFO: [Synth 8-3354] encoded FSM with state register 'current_state_reg' using encoding 'sequential' in module 'button_interface'
---------------------------------------------------------------------------------
Finished RTL Optimization Phase 2 : Time (s): cpu = 00:00:12 ; elapsed = 00:00:18 . Memory (MB): peak = 814.918 ; gain = 496.316
---------------------------------------------------------------------------------

Report RTL Partitions: 
+-+--------------+------------+----------+
| |RTL Partition |Replication |Instances |
+-+--------------+------------+----------+
+-+--------------+------------+----------+
---------------------------------------------------------------------------------
Start RTL Component Statistics 
---------------------------------------------------------------------------------
Detailed RTL Component Info : 
+---Adders : 
	   2 Input     10 Bit       Adders := 2     
	   2 Input      8 Bit       Adders := 8     
	   2 Input      6 Bit       Adders := 1     
	   2 Input      5 Bit       Adders := 30    
	   2 Input      3 Bit       Adders := 7     
	   2 Input      2 Bit       Adders := 3     
+---Registers : 
	               10 Bit    Registers := 10    
	                9 Bit    Registers := 1     
	                8 Bit    Registers := 10    
	                6 Bit    Registers := 1     
	                5 Bit    Registers := 8     
	                4 Bit    Registers := 2     
	                3 Bit    Registers := 7     
	                2 Bit    Registers := 9     
	                1 Bit    Registers := 19    
+---Muxes : 
	  24 Input     24 Bit        Muxes := 1     
	   2 Input     24 Bit        Muxes := 7     
	   2 Input     12 Bit        Muxes := 3     
	   8 Input     12 Bit        Muxes := 1     
	   2 Input     11 Bit        Muxes := 1     
	   2 Input     10 Bit        Muxes := 8     
	   4 Input     10 Bit        Muxes := 3     
	   2 Input      8 Bit        Muxes := 4     
	   2 Input      7 Bit        Muxes := 4     
	   7 Input      7 Bit        Muxes := 4     
	   2 Input      6 Bit        Muxes := 1     
	   2 Input      5 Bit        Muxes := 35    
	   4 Input      5 Bit        Muxes := 13    
	   5 Input      5 Bit        Muxes := 6     
	   2 Input      4 Bit        Muxes := 2     
	  20 Input      4 Bit        Muxes := 1     
	  30 Input      4 Bit        Muxes := 1     
	   2 Input      3 Bit        Muxes := 8     
	   2 Input      2 Bit        Muxes := 12    
	  23 Input      2 Bit        Muxes := 1     
	   4 Input      2 Bit        Muxes := 5     
	   7 Input      2 Bit        Muxes := 3     
	   2 Input      1 Bit        Muxes := 50    
	  23 Input      1 Bit        Muxes := 6     
	  24 Input      1 Bit        Muxes := 1     
	   4 Input      1 Bit        Muxes := 8     
---------------------------------------------------------------------------------
Finished RTL Component Statistics 
---------------------------------------------------------------------------------
---------------------------------------------------------------------------------
Start RTL Hierarchical Component Statistics 
---------------------------------------------------------------------------------
Hierarchical RTL Component report 
Module pixel_clock_generator 
Detailed RTL Component Info : 
+---Registers : 
	                1 Bit    Registers := 2     
Module tetris_game_controller 
Detailed RTL Component Info : 
+---Adders : 
	   2 Input      8 Bit       Adders := 2     
	   2 Input      3 Bit       Adders := 4     
	   2 Input      2 Bit       Adders := 1     
+---Registers : 
	                8 Bit    Registers := 2     
	                3 Bit    Registers := 4     
	                2 Bit    Registers := 1     
+---Muxes : 
	  24 Input     24 Bit        Muxes := 1     
	   2 Input     24 Bit        Muxes := 7     
	   2 Input      8 Bit        Muxes := 2     
	   2 Input      3 Bit        Muxes := 4     
	   2 Input      2 Bit        Muxes := 1     
	  23 Input      2 Bit        Muxes := 1     
	   2 Input      1 Bit        Muxes := 18    
	  23 Input      1 Bit        Muxes := 6     
	  24 Input      1 Bit        Muxes := 1     
Module check_lines 
Detailed RTL Component Info : 
+---Adders : 
	   2 Input      8 Bit       Adders := 2     
	   2 Input      5 Bit       Adders := 2     
+---Registers : 
	               10 Bit    Registers := 2     
	                9 Bit    Registers := 1     
	                8 Bit    Registers := 4     
	                5 Bit    Registers := 2     
	                1 Bit    Registers := 6     
+---Muxes : 
	   2 Input     10 Bit        Muxes := 1     
	   2 Input      8 Bit        Muxes := 2     
	   2 Input      4 Bit        Muxes := 1     
	   2 Input      1 Bit        Muxes := 5     
Module button_interface 
Detailed RTL Component Info : 
+---Adders : 
	   2 Input      8 Bit       Adders := 1     
+---Registers : 
	                8 Bit    Registers := 1     
	                2 Bit    Registers := 1     
	                1 Bit    Registers := 1     
+---Muxes : 
	   4 Input      2 Bit        Muxes := 1     
	   2 Input      2 Bit        Muxes := 2     
	   2 Input      1 Bit        Muxes := 3     
	   4 Input      1 Bit        Muxes := 2     
Module vga_controller 
Detailed RTL Component Info : 
+---Adders : 
	   2 Input     10 Bit       Adders := 2     
	   2 Input      5 Bit       Adders := 4     
+---Registers : 
	               10 Bit    Registers := 2     
	                5 Bit    Registers := 4     
	                1 Bit    Registers := 5     
+---Muxes : 
	   2 Input     10 Bit        Muxes := 2     
	   2 Input      5 Bit        Muxes := 2     
	   2 Input      1 Bit        Muxes := 5     
Module Piece_Generator 
Detailed RTL Component Info : 
+---Adders : 
	   2 Input      3 Bit       Adders := 1     
+---Registers : 
	                4 Bit    Registers := 1     
	                3 Bit    Registers := 1     
+---Muxes : 
	   2 Input      7 Bit        Muxes := 4     
	   7 Input      7 Bit        Muxes := 4     
	   2 Input      3 Bit        Muxes := 1     
	   2 Input      1 Bit        Muxes := 1     
Module Color_Decoder 
Detailed RTL Component Info : 
+---Muxes : 
	   2 Input     12 Bit        Muxes := 3     
	   8 Input     12 Bit        Muxes := 1     
	   2 Input     11 Bit        Muxes := 1     
Module address_generator 
Detailed RTL Component Info : 
+---Adders : 
	   2 Input      5 Bit       Adders := 22    
+---Muxes : 
	   4 Input      5 Bit        Muxes := 13    
	   2 Input      5 Bit        Muxes := 32    
	   5 Input      5 Bit        Muxes := 6     
	   2 Input      3 Bit        Muxes := 2     
	   7 Input      2 Bit        Muxes := 3     
	   2 Input      2 Bit        Muxes := 2     
	   4 Input      2 Bit        Muxes := 1     
	   2 Input      1 Bit        Muxes := 1     
Module collision_detection 
Detailed RTL Component Info : 
+---Adders : 
	   2 Input      2 Bit       Adders := 1     
+---Registers : 
	               10 Bit    Registers := 2     
	                2 Bit    Registers := 1     
	                1 Bit    Registers := 1     
+---Muxes : 
	   4 Input     10 Bit        Muxes := 1     
	   2 Input      1 Bit        Muxes := 1     
Module down_counter 
Detailed RTL Component Info : 
+---Adders : 
	   2 Input      6 Bit       Adders := 1     
+---Registers : 
	                6 Bit    Registers := 1     
+---Muxes : 
	   2 Input      6 Bit        Muxes := 1     
Module make_move 
Detailed RTL Component Info : 
+---Adders : 
	   2 Input      3 Bit       Adders := 1     
+---Registers : 
	                3 Bit    Registers := 1     
+---Muxes : 
	   2 Input      4 Bit        Muxes := 1     
Module piece_memory 
Detailed RTL Component Info : 
+---Registers : 
	               10 Bit    Registers := 4     
	                4 Bit    Registers := 1     
	                2 Bit    Registers := 2     
+---Muxes : 
	   2 Input     10 Bit        Muxes := 4     
	   2 Input      2 Bit        Muxes := 1     
	   2 Input      1 Bit        Muxes := 2     
Module write_new_piece 
Detailed RTL Component Info : 
+---Adders : 
	   2 Input      2 Bit       Adders := 1     
+---Registers : 
	                2 Bit    Registers := 1     
+---Muxes : 
	   4 Input     10 Bit        Muxes := 1     
Module Draw_Counter 
Detailed RTL Component Info : 
+---Adders : 
	   2 Input      5 Bit       Adders := 2     
+---Registers : 
	                5 Bit    Registers := 2     
+---Muxes : 
	   2 Input      5 Bit        Muxes := 1     
	   2 Input      1 Bit        Muxes := 2     
Module Get_Drawing_Color 
Detailed RTL Component Info : 
+---Muxes : 
	  20 Input      4 Bit        Muxes := 1     
	  30 Input      4 Bit        Muxes := 1     
Module checking_gameover 
Detailed RTL Component Info : 
+---Adders : 
	   2 Input      3 Bit       Adders := 1     
+---Registers : 
	                3 Bit    Registers := 1     
	                1 Bit    Registers := 1     
+---Muxes : 
	   4 Input     10 Bit        Muxes := 1     
	   2 Input     10 Bit        Muxes := 1     
	   2 Input      3 Bit        Muxes := 1     
	   2 Input      1 Bit        Muxes := 3     
---------------------------------------------------------------------------------
Finished RTL Hierarchical Component Statistics
---------------------------------------------------------------------------------
---------------------------------------------------------------------------------
Start Part Resource Summary
---------------------------------------------------------------------------------
Part Resources:
DSPs: 90 (col length:60)
BRAMs: 100 (col length: RAMB18 60 RAMB36 30)
---------------------------------------------------------------------------------
Finished Part Resource Summary
---------------------------------------------------------------------------------
---------------------------------------------------------------------------------
Start Cross Boundary and Area Optimization
---------------------------------------------------------------------------------
Warning: Parallel synthesis criteria is not met 
INFO: [Synth 8-5544] ROM "CHECK_GAMEOVER_TC" won't be mapped to Block RAM because address size (3) smaller than threshold (5)
INFO: [Synth 8-5544] ROM "write_new_piece_tc" won't be mapped to Block RAM because address size (2) smaller than threshold (5)
INFO: [Synth 8-5544] ROM "valid_move_tc" won't be mapped to Block RAM because address size (3) smaller than threshold (5)
INFO: [Synth 8-5544] ROM "make_move_tc" won't be mapped to Block RAM because address size (3) smaller than threshold (5)
INFO: [Synth 8-5544] ROM "wait_lines_tc" won't be mapped to Block RAM because address size (3) smaller than threshold (5)
INFO: [Synth 8-5544] ROM "NS" won't be mapped to Block RAM because address size (2) smaller than threshold (5)
INFO: [Synth 8-5546] ROM "check_lines_tc" won't be mapped to RAM because it is too sparse
INFO: [Synth 8-5546] ROM "clear_lines_tc" won't be mapped to RAM because it is too sparse
INFO: [Synth 8-5546] ROM "full_row" won't be mapped to RAM because it is too sparse
INFO: [Synth 8-5546] ROM "game_grid_count_tc" won't be mapped to RAM because it is too sparse
INFO: [Synth 8-5546] ROM "h_tc" won't be mapped to RAM because it is too sparse
INFO: [Synth 8-5546] ROM "v_tc" won't be mapped to RAM because it is too sparse
INFO: [Synth 8-5544] ROM "Color" won't be mapped to Block RAM because address size (4) smaller than threshold (5)
INFO: [Synth 8-5544] ROM "p_0_out" won't be mapped to Block RAM because address size (2) smaller than threshold (5)
INFO: [Synth 8-5544] ROM "p_0_out" won't be mapped to Block RAM because address size (2) smaller than threshold (5)
INFO: [Synth 8-5544] ROM "addr_count_tc" won't be mapped to Block RAM because address size (3) smaller than threshold (5)
INFO: [Synth 8-5546] ROM "input_conditioning_up/timeout" won't be mapped to RAM because it is too sparse
INFO: [Synth 8-5546] ROM "input_conditioning_down/timeout" won't be mapped to RAM because it is too sparse
INFO: [Synth 8-5546] ROM "input_conditioning_left/timeout" won't be mapped to RAM because it is too sparse
INFO: [Synth 8-5546] ROM "input_conditioning_right/timeout" won't be mapped to RAM because it is too sparse
WARNING: [Synth 8-3331] design write_new_piece has unconnected port write_new_piece_en
INFO: [Synth 8-3333] propagating constant 0 across sequential element (\piece_generation/new_color_reg[3] )
INFO: [Synth 8-3333] propagating constant 0 across sequential element (\piece_memory_block/curr_piece_number_reg[3] )
---------------------------------------------------------------------------------
Finished Cross Boundary and Area Optimization : Time (s): cpu = 00:00:19 ; elapsed = 00:00:27 . Memory (MB): peak = 814.918 ; gain = 496.316
---------------------------------------------------------------------------------

Report RTL Partitions: 
+-+--------------+------------+----------+
| |RTL Partition |Replication |Instances |
+-+--------------+------------+----------+
+-+--------------+------------+----------+
---------------------------------------------------------------------------------
Start Applying XDC Timing Constraints
---------------------------------------------------------------------------------
---------------------------------------------------------------------------------
Finished Applying XDC Timing Constraints : Time (s): cpu = 00:00:26 ; elapsed = 00:00:34 . Memory (MB): peak = 814.918 ; gain = 496.316
---------------------------------------------------------------------------------
---------------------------------------------------------------------------------
Start Timing Optimization
---------------------------------------------------------------------------------
---------------------------------------------------------------------------------
Finished Timing Optimization : Time (s): cpu = 00:00:26 ; elapsed = 00:00:34 . Memory (MB): peak = 814.918 ; gain = 496.316
---------------------------------------------------------------------------------

Report RTL Partitions: 
+-+--------------+------------+----------+
| |RTL Partition |Replication |Instances |
+-+--------------+------------+----------+
+-+--------------+------------+----------+
---------------------------------------------------------------------------------
Start Technology Mapping
---------------------------------------------------------------------------------
---------------------------------------------------------------------------------
Finished Technology Mapping : Time (s): cpu = 00:00:27 ; elapsed = 00:00:34 . Memory (MB): peak = 844.832 ; gain = 526.230
---------------------------------------------------------------------------------

Report RTL Partitions: 
+-+--------------+------------+----------+
| |RTL Partition |Replication |Instances |
+-+--------------+------------+----------+
+-+--------------+------------+----------+
---------------------------------------------------------------------------------
Start IO Insertion
---------------------------------------------------------------------------------
---------------------------------------------------------------------------------
Start Flattening Before IO Insertion
---------------------------------------------------------------------------------
---------------------------------------------------------------------------------
Finished Flattening Before IO Insertion
---------------------------------------------------------------------------------
---------------------------------------------------------------------------------
Start Final Netlist Cleanup
---------------------------------------------------------------------------------
---------------------------------------------------------------------------------
Finished Final Netlist Cleanup
---------------------------------------------------------------------------------
---------------------------------------------------------------------------------
Finished IO Insertion : Time (s): cpu = 00:00:28 ; elapsed = 00:00:35 . Memory (MB): peak = 844.832 ; gain = 526.230
---------------------------------------------------------------------------------

Report Check Netlist: 
+------+------------------+-------+---------+-------+------------------+
|      |Item              |Errors |Warnings |Status |Description       |
+------+------------------+-------+---------+-------+------------------+
|1     |multi_driven_nets |      0|        0|Passed |Multi driven nets |
+------+------------------+-------+---------+-------+------------------+
---------------------------------------------------------------------------------
Start Renaming Generated Instances
---------------------------------------------------------------------------------
---------------------------------------------------------------------------------
Finished Renaming Generated Instances : Time (s): cpu = 00:00:28 ; elapsed = 00:00:35 . Memory (MB): peak = 844.832 ; gain = 526.230
---------------------------------------------------------------------------------

Report RTL Partitions: 
+-+--------------+------------+----------+
| |RTL Partition |Replication |Instances |
+-+--------------+------------+----------+
+-+--------------+------------+----------+
---------------------------------------------------------------------------------
Start Rebuilding User Hierarchy
---------------------------------------------------------------------------------
---------------------------------------------------------------------------------
Finished Rebuilding User Hierarchy : Time (s): cpu = 00:00:28 ; elapsed = 00:00:36 . Memory (MB): peak = 844.832 ; gain = 526.230
---------------------------------------------------------------------------------
---------------------------------------------------------------------------------
Start Renaming Generated Ports
---------------------------------------------------------------------------------
---------------------------------------------------------------------------------
Finished Renaming Generated Ports : Time (s): cpu = 00:00:28 ; elapsed = 00:00:36 . Memory (MB): peak = 844.832 ; gain = 526.230
---------------------------------------------------------------------------------
---------------------------------------------------------------------------------
Start Handling Custom Attributes
---------------------------------------------------------------------------------
---------------------------------------------------------------------------------
Finished Handling Custom Attributes : Time (s): cpu = 00:00:28 ; elapsed = 00:00:36 . Memory (MB): peak = 844.832 ; gain = 526.230
---------------------------------------------------------------------------------
---------------------------------------------------------------------------------
Start Renaming Generated Nets
---------------------------------------------------------------------------------
---------------------------------------------------------------------------------
Finished Renaming Generated Nets : Time (s): cpu = 00:00:28 ; elapsed = 00:00:36 . Memory (MB): peak = 844.832 ; gain = 526.230
---------------------------------------------------------------------------------
---------------------------------------------------------------------------------
Start Writing Synthesis Report
---------------------------------------------------------------------------------

Report BlackBoxes: 
+------+--------------+----------+
|      |BlackBox name |Instances |
+------+--------------+----------+
|1     |blk_mem_gen_0 |         1|
|2     |blk_mem_gen_1 |         1|
+------+--------------+----------+

Report Cell Usage: 
+------+--------------+------+
|      |Cell          |Count |
+------+--------------+------+
|1     |blk_mem_gen_0 |     1|
|2     |blk_mem_gen_1 |     1|
|3     |BUFG          |     2|
|4     |CARRY4        |     6|
|5     |LUT1          |    34|
|6     |LUT2          |   107|
|7     |LUT3          |    85|
|8     |LUT4          |   135|
|9     |LUT5          |   157|
|10    |LUT6          |   335|
|11    |MUXF7         |    10|
|12    |FDRE          |   325|
|13    |FDSE          |     6|
|14    |IBUF          |     5|
|15    |OBUF          |    14|
+------+--------------+------+

Report Instance Areas: 
+------+---------------------------+-----------------------+------+
|      |Instance                   |Module                 |Cells |
+------+---------------------------+-----------------------+------+
|1     |top                        |                       |  1229|
|2     |  check_lines_block        |check_lines            |   129|
|3     |  checking_gameover_block  |checking_gameover      |     9|
|4     |  clocking                 |pixel_clock_generator  |     5|
|5     |  collision_detector       |collision_detection    |    32|
|6     |  down_counter_block       |down_counter           |    15|
|7     |  draw_counter_block       |Draw_Counter           |    94|
|8     |  game_controller          |tetris_game_controller |   188|
|9     |  input_conditioning_down  |button_interface       |    29|
|10    |  input_conditioning_left  |button_interface_0     |    31|
|11    |  input_conditioning_right |button_interface_1     |    31|
|12    |  input_conditioning_up    |button_interface_2     |    32|
|13    |  make_move_block          |make_move              |    17|
|14    |  piece_generation         |Piece_Generator        |    40|
|15    |  piece_memory_block       |piece_memory           |   358|
|16    |  vga_controller_block     |vga_controller         |   179|
|17    |  write_new_piece_block    |write_new_piece        |     4|
+------+---------------------------+-----------------------+------+
---------------------------------------------------------------------------------
Finished Writing Synthesis Report : Time (s): cpu = 00:00:28 ; elapsed = 00:00:36 . Memory (MB): peak = 844.832 ; gain = 526.230
---------------------------------------------------------------------------------
Synthesis finished with 0 errors, 0 critical warnings and 1 warnings.
Synthesis Optimization Runtime : Time (s): cpu = 00:00:20 ; elapsed = 00:00:29 . Memory (MB): peak = 844.832 ; gain = 194.328
Synthesis Optimization Complete : Time (s): cpu = 00:00:28 ; elapsed = 00:00:36 . Memory (MB): peak = 844.832 ; gain = 526.230
INFO: [Project 1-571] Translating synthesized netlist
INFO: [Netlist 29-17] Analyzing 16 Unisim elements for replacement
INFO: [Netlist 29-28] Unisim Transformation completed in 0 CPU seconds
INFO: [Project 1-570] Preparing netlist for logic optimization
INFO: [Opt 31-138] Pushed 0 inverter(s) to 0 load pin(s).
Netlist sorting complete. Time (s): cpu = 00:00:00 ; elapsed = 00:00:00.001 . Memory (MB): peak = 844.832 ; gain = 0.000
INFO: [Project 1-111] Unisim Transformation Summary:
No Unisim elements were transformed.

INFO: [Common 17-83] Releasing license: Synthesis
152 Infos, 4 Warnings, 0 Critical Warnings and 0 Errors encountered.
synth_design completed successfully
synth_design: Time (s): cpu = 00:00:30 ; elapsed = 00:00:39 . Memory (MB): peak = 844.832 ; gain = 537.730
Netlist sorting complete. Time (s): cpu = 00:00:00 ; elapsed = 00:00:00.001 . Memory (MB): peak = 844.832 ; gain = 0.000
WARNING: [Constraints 18-5210] No constraints selected for write.
Resolution: This message can indicate that there are no constraints for the design, or it can indicate that the used_in flags are set such that the constraints are ignored. This later case is used when running synth_design to not write synthesis constraints to the resulting checkpoint. Instead, project constraints are read when the synthesized design is opened.
INFO: [Common 17-1381] The checkpoint 'O:/ENGS31/Tetris/tetris_project/tetris_project.runs/synth_1/tetris_shell.dcp' has been generated.
INFO: [runtcl-4] Executing : report_utilization -file tetris_shell_utilization_synth.rpt -pb tetris_shell_utilization_synth.pb
INFO: [Common 17-206] Exiting Vivado at Sun May 29 23:26:26 2022...
