Copyright 1986-2019 Xilinx, Inc. All Rights Reserved.
-----------------------------------------------------------------------------------------------------------------------------------------------------------------------------------------------------------
| Tool Version : Vivado v.2018.3.1 (win64) Build 2489853 Tue Mar 26 04:20:25 MDT 2019
| Date         : Thu May 26 21:40:31 2022
| Host         : mecha-7 running 64-bit major release  (build 9200)
| Command      : report_timing_summary -max_paths 10 -file tetris_shell_timing_summary_routed.rpt -pb tetris_shell_timing_summary_routed.pb -rpx tetris_shell_timing_summary_routed.rpx -warn_on_violation
| Design       : tetris_shell
| Device       : 7a35t-cpg236
| Speed File   : -1  PRODUCTION 1.23 2018-06-13
-----------------------------------------------------------------------------------------------------------------------------------------------------------------------------------------------------------

Timing Summary Report

------------------------------------------------------------------------------------------------
| Timer Settings
| --------------
------------------------------------------------------------------------------------------------

  Enable Multi Corner Analysis               :  Yes
  Enable Pessimism Removal                   :  Yes
  Pessimism Removal Resolution               :  Nearest Common Node
  Enable Input Delay Default Clock           :  No
  Enable Preset / Clear Arcs                 :  No
  Disable Flight Delays                      :  No
  Ignore I/O Paths                           :  No
  Timing Early Launch at Borrowing Latches   :  false

  Corner  Analyze    Analyze    
  Name    Max Paths  Min Paths  
  ------  ---------  ---------  
  Slow    Yes        Yes        
  Fast    Yes        Yes        



check_timing report

Table of Contents
-----------------
1. checking no_clock
2. checking constant_clock
3. checking pulse_width_clock
4. checking unconstrained_internal_endpoints
5. checking no_input_delay
6. checking no_output_delay
7. checking multiple_clock
8. checking generated_clocks
9. checking loops
10. checking partial_input_delay
11. checking partial_output_delay
12. checking latch_loops

1. checking no_clock
--------------------
 There are 152 register/latch pins with no clock driven by root clock pin: clocking/pixel_clk_tog_reg/Q (HIGH)

 There are 3 register/latch pins with no clock driven by root clock pin: game_controller/FSM_sequential_CS_reg[0]/Q (HIGH)

 There are 3 register/latch pins with no clock driven by root clock pin: game_controller/FSM_sequential_CS_reg[1]/Q (HIGH)

 There are 3 register/latch pins with no clock driven by root clock pin: game_controller/FSM_sequential_CS_reg[2]/Q (HIGH)

 There are 3 register/latch pins with no clock driven by root clock pin: game_controller/FSM_sequential_CS_reg[3]/Q (HIGH)

 There are 7 register/latch pins with no clock driven by root clock pin: piece_memory_block/curr_piece_number_reg[0]/Q (HIGH)

 There are 7 register/latch pins with no clock driven by root clock pin: piece_memory_block/curr_piece_number_reg[1]/Q (HIGH)

 There are 7 register/latch pins with no clock driven by root clock pin: piece_memory_block/curr_piece_number_reg[2]/Q (HIGH)


2. checking constant_clock
--------------------------
 There are 0 register/latch pins with constant_clock.


3. checking pulse_width_clock
-----------------------------
 There are 0 register/latch pins which need pulse_width check


4. checking unconstrained_internal_endpoints
--------------------------------------------
 There are 304 pins that are not constrained for maximum delay. (HIGH)

 There are 0 pins that are not constrained for maximum delay due to constant clock.


5. checking no_input_delay
--------------------------
 There are 4 input ports with no input delay specified. (HIGH)

 There are 0 input ports with no input delay but user has a false path constraint.


6. checking no_output_delay
---------------------------
 There are 14 ports with no output delay specified. (HIGH)

 There are 0 ports with no output delay but user has a false path constraint

 There are 0 ports with no output delay but with a timing clock defined on it or propagating through it


7. checking multiple_clock
--------------------------
 There are 0 register/latch pins with multiple clocks.


8. checking generated_clocks
----------------------------
 There are 0 generated clocks that are not connected to a clock source.


9. checking loops
-----------------
 There are 0 combinational loops in the design.


10. checking partial_input_delay
--------------------------------
 There are 0 input ports with partial input delay specified.


11. checking partial_output_delay
---------------------------------
 There are 0 ports with partial output delay specified.


12. checking latch_loops
------------------------
 There are 0 combinational latch loops in the design through latch input



------------------------------------------------------------------------------------------------
| Design Timing Summary
| ---------------------
------------------------------------------------------------------------------------------------

    WNS(ns)      TNS(ns)  TNS Failing Endpoints  TNS Total Endpoints      WHS(ns)      THS(ns)  THS Failing Endpoints  THS Total Endpoints     WPWS(ns)     TPWS(ns)  TPWS Failing Endpoints  TPWS Total Endpoints  
    -------      -------  ---------------------  -------------------      -------      -------  ---------------------  -------------------     --------     --------  ----------------------  --------------------  
      8.157        0.000                      0                    2        0.440        0.000                      0                    2        4.500        0.000                       0                     3  


All user specified timing constraints are met.


------------------------------------------------------------------------------------------------
| Clock Summary
| -------------
------------------------------------------------------------------------------------------------

Clock        Waveform(ns)       Period(ns)      Frequency(MHz)
-----        ------------       ----------      --------------
sys_clk_pin  {0.000 5.000}      10.000          100.000         


------------------------------------------------------------------------------------------------
| Intra Clock Table
| -----------------
------------------------------------------------------------------------------------------------

Clock             WNS(ns)      TNS(ns)  TNS Failing Endpoints  TNS Total Endpoints      WHS(ns)      THS(ns)  THS Failing Endpoints  THS Total Endpoints     WPWS(ns)     TPWS(ns)  TPWS Failing Endpoints  TPWS Total Endpoints  
-----             -------      -------  ---------------------  -------------------      -------      -------  ---------------------  -------------------     --------     --------  ----------------------  --------------------  
sys_clk_pin         8.157        0.000                      0                    2        0.440        0.000                      0                    2        4.500        0.000                       0                     3  


------------------------------------------------------------------------------------------------
| Inter Clock Table
| -----------------
------------------------------------------------------------------------------------------------

From Clock    To Clock          WNS(ns)      TNS(ns)  TNS Failing Endpoints  TNS Total Endpoints      WHS(ns)      THS(ns)  THS Failing Endpoints  THS Total Endpoints  
----------    --------          -------      -------  ---------------------  -------------------      -------      -------  ---------------------  -------------------  


------------------------------------------------------------------------------------------------
| Other Path Groups Table
| -----------------------
------------------------------------------------------------------------------------------------

Path Group    From Clock    To Clock          WNS(ns)      TNS(ns)  TNS Failing Endpoints  TNS Total Endpoints      WHS(ns)      THS(ns)  THS Failing Endpoints  THS Total Endpoints  
----------    ----------    --------          -------      -------  ---------------------  -------------------      -------      -------  ---------------------  -------------------  


------------------------------------------------------------------------------------------------
| Timing Details
| --------------
------------------------------------------------------------------------------------------------


---------------------------------------------------------------------------------------------------
From Clock:  sys_clk_pin
  To Clock:  sys_clk_pin

Setup :            0  Failing Endpoints,  Worst Slack        8.157ns,  Total Violation        0.000ns
Hold  :            0  Failing Endpoints,  Worst Slack        0.440ns,  Total Violation        0.000ns
PW    :            0  Failing Endpoints,  Worst Slack        4.500ns,  Total Violation        0.000ns
---------------------------------------------------------------------------------------------------


Max Delay Paths
--------------------------------------------------------------------------------------
Slack (MET) :             8.157ns  (required time - arrival time)
  Source:                 clocking/pixel_clk_divider_counter_reg[0]/C
                            (rising edge-triggered cell FDRE clocked by sys_clk_pin  {rise@0.000ns fall@5.000ns period=10.000ns})
  Destination:            clocking/pixel_clk_divider_counter_reg[0]/D
                            (rising edge-triggered cell FDRE clocked by sys_clk_pin  {rise@0.000ns fall@5.000ns period=10.000ns})
  Path Group:             sys_clk_pin
  Path Type:              Setup (Max at Slow Process Corner)
  Requirement:            10.000ns  (sys_clk_pin rise@10.000ns - sys_clk_pin rise@0.000ns)
  Data Path Delay:        1.836ns  (logic 0.580ns (31.582%)  route 1.256ns (68.418%))
  Logic Levels:           1  (LUT1=1)
  Clock Path Skew:        0.000ns (DCD - SCD + CPR)
    Destination Clock Delay (DCD):    4.786ns = ( 14.786 - 10.000 ) 
    Source Clock Delay      (SCD):    5.086ns
    Clock Pessimism Removal (CPR):    0.300ns
  Clock Uncertainty:      0.035ns  ((TSJ^2 + TIJ^2)^1/2 + DJ) / 2 + PE
    Total System Jitter     (TSJ):    0.071ns
    Total Input Jitter      (TIJ):    0.000ns
    Discrete Jitter          (DJ):    0.000ns
    Phase Error              (PE):    0.000ns

    Location             Delay type                Incr(ns)  Path(ns)    Netlist Resource(s)
  -------------------------------------------------------------------    -------------------
                         (clock sys_clk_pin rise edge)
                                                      0.000     0.000 r  
    W5                                                0.000     0.000 r  clk_ext_port (IN)
                         net (fo=0)                   0.000     0.000    clk_ext_port
    W5                   IBUF (Prop_ibuf_I_O)         1.458     1.458 r  clk_ext_port_IBUF_inst/O
                         net (fo=1, routed)           1.967     3.425    clk_ext_port_IBUF
    BUFGCTRL_X0Y1        BUFG (Prop_bufg_I_O)         0.096     3.521 r  clk_ext_port_IBUF_BUFG_inst/O
                         net (fo=2, routed)           1.565     5.086    clocking/clk_ext_port_IBUF_BUFG
    SLICE_X36Y46         FDRE                                         r  clocking/pixel_clk_divider_counter_reg[0]/C
  -------------------------------------------------------------------    -------------------
    SLICE_X36Y46         FDRE (Prop_fdre_C_Q)         0.456     5.542 f  clocking/pixel_clk_divider_counter_reg[0]/Q
                         net (fo=2, routed)           1.256     6.799    clocking/pixel_clk_divider_counter
    SLICE_X36Y46         LUT1 (Prop_lut1_I0_O)        0.124     6.923 r  clocking/pixel_clk_divider_counter[0]_i_1/O
                         net (fo=1, routed)           0.000     6.923    clocking/p_0_in
    SLICE_X36Y46         FDRE                                         r  clocking/pixel_clk_divider_counter_reg[0]/D
  -------------------------------------------------------------------    -------------------

                         (clock sys_clk_pin rise edge)
                                                     10.000    10.000 r  
    W5                                                0.000    10.000 r  clk_ext_port (IN)
                         net (fo=0)                   0.000    10.000    clk_ext_port
    W5                   IBUF (Prop_ibuf_I_O)         1.388    11.388 r  clk_ext_port_IBUF_inst/O
                         net (fo=1, routed)           1.862    13.250    clk_ext_port_IBUF
    BUFGCTRL_X0Y1        BUFG (Prop_bufg_I_O)         0.091    13.341 r  clk_ext_port_IBUF_BUFG_inst/O
                         net (fo=2, routed)           1.445    14.786    clocking/clk_ext_port_IBUF_BUFG
    SLICE_X36Y46         FDRE                                         r  clocking/pixel_clk_divider_counter_reg[0]/C
                         clock pessimism              0.300    15.086    
                         clock uncertainty           -0.035    15.051    
    SLICE_X36Y46         FDRE (Setup_fdre_C_D)        0.029    15.080    clocking/pixel_clk_divider_counter_reg[0]
  -------------------------------------------------------------------
                         required time                         15.080    
                         arrival time                          -6.923    
  -------------------------------------------------------------------
                         slack                                  8.157    

Slack (MET) :             8.175ns  (required time - arrival time)
  Source:                 clocking/pixel_clk_divider_counter_reg[0]/C
                            (rising edge-triggered cell FDRE clocked by sys_clk_pin  {rise@0.000ns fall@5.000ns period=10.000ns})
  Destination:            clocking/pixel_clk_tog_reg/D
                            (rising edge-triggered cell FDRE clocked by sys_clk_pin  {rise@0.000ns fall@5.000ns period=10.000ns})
  Path Group:             sys_clk_pin
  Path Type:              Setup (Max at Slow Process Corner)
  Requirement:            10.000ns  (sys_clk_pin rise@10.000ns - sys_clk_pin rise@0.000ns)
  Data Path Delay:        1.864ns  (logic 0.608ns (32.609%)  route 1.256ns (67.391%))
  Logic Levels:           1  (LUT2=1)
  Clock Path Skew:        0.000ns (DCD - SCD + CPR)
    Destination Clock Delay (DCD):    4.786ns = ( 14.786 - 10.000 ) 
    Source Clock Delay      (SCD):    5.086ns
    Clock Pessimism Removal (CPR):    0.300ns
  Clock Uncertainty:      0.035ns  ((TSJ^2 + TIJ^2)^1/2 + DJ) / 2 + PE
    Total System Jitter     (TSJ):    0.071ns
    Total Input Jitter      (TIJ):    0.000ns
    Discrete Jitter          (DJ):    0.000ns
    Phase Error              (PE):    0.000ns

    Location             Delay type                Incr(ns)  Path(ns)    Netlist Resource(s)
  -------------------------------------------------------------------    -------------------
                         (clock sys_clk_pin rise edge)
                                                      0.000     0.000 r  
    W5                                                0.000     0.000 r  clk_ext_port (IN)
                         net (fo=0)                   0.000     0.000    clk_ext_port
    W5                   IBUF (Prop_ibuf_I_O)         1.458     1.458 r  clk_ext_port_IBUF_inst/O
                         net (fo=1, routed)           1.967     3.425    clk_ext_port_IBUF
    BUFGCTRL_X0Y1        BUFG (Prop_bufg_I_O)         0.096     3.521 r  clk_ext_port_IBUF_BUFG_inst/O
                         net (fo=2, routed)           1.565     5.086    clocking/clk_ext_port_IBUF_BUFG
    SLICE_X36Y46         FDRE                                         r  clocking/pixel_clk_divider_counter_reg[0]/C
  -------------------------------------------------------------------    -------------------
    SLICE_X36Y46         FDRE (Prop_fdre_C_Q)         0.456     5.542 r  clocking/pixel_clk_divider_counter_reg[0]/Q
                         net (fo=2, routed)           1.256     6.799    clocking/pixel_clk_divider_counter
    SLICE_X36Y46         LUT2 (Prop_lut2_I0_O)        0.152     6.951 r  clocking/pixel_clk_tog_i_1/O
                         net (fo=1, routed)           0.000     6.951    clocking/pixel_clk_tog_i_1_n_0
    SLICE_X36Y46         FDRE                                         r  clocking/pixel_clk_tog_reg/D
  -------------------------------------------------------------------    -------------------

                         (clock sys_clk_pin rise edge)
                                                     10.000    10.000 r  
    W5                                                0.000    10.000 r  clk_ext_port (IN)
                         net (fo=0)                   0.000    10.000    clk_ext_port
    W5                   IBUF (Prop_ibuf_I_O)         1.388    11.388 r  clk_ext_port_IBUF_inst/O
                         net (fo=1, routed)           1.862    13.250    clk_ext_port_IBUF
    BUFGCTRL_X0Y1        BUFG (Prop_bufg_I_O)         0.091    13.341 r  clk_ext_port_IBUF_BUFG_inst/O
                         net (fo=2, routed)           1.445    14.786    clocking/clk_ext_port_IBUF_BUFG
    SLICE_X36Y46         FDRE                                         r  clocking/pixel_clk_tog_reg/C
                         clock pessimism              0.300    15.086    
                         clock uncertainty           -0.035    15.051    
    SLICE_X36Y46         FDRE (Setup_fdre_C_D)        0.075    15.126    clocking/pixel_clk_tog_reg
  -------------------------------------------------------------------
                         required time                         15.126    
                         arrival time                          -6.951    
  -------------------------------------------------------------------
                         slack                                  8.175    





Min Delay Paths
--------------------------------------------------------------------------------------
Slack (MET) :             0.440ns  (arrival time - required time)
  Source:                 clocking/pixel_clk_tog_reg/C
                            (rising edge-triggered cell FDRE clocked by sys_clk_pin  {rise@0.000ns fall@5.000ns period=10.000ns})
  Destination:            clocking/pixel_clk_tog_reg/D
                            (rising edge-triggered cell FDRE clocked by sys_clk_pin  {rise@0.000ns fall@5.000ns period=10.000ns})
  Path Group:             sys_clk_pin
  Path Type:              Hold (Min at Fast Process Corner)
  Requirement:            0.000ns  (sys_clk_pin rise@0.000ns - sys_clk_pin rise@0.000ns)
  Data Path Delay:        0.547ns  (logic 0.228ns (41.713%)  route 0.319ns (58.287%))
  Logic Levels:           1  (LUT2=1)
  Clock Path Skew:        0.000ns (DCD - SCD - CPR)
    Destination Clock Delay (DCD):    1.959ns
    Source Clock Delay      (SCD):    1.446ns
    Clock Pessimism Removal (CPR):    0.513ns

    Location             Delay type                Incr(ns)  Path(ns)    Netlist Resource(s)
  -------------------------------------------------------------------    -------------------
                         (clock sys_clk_pin rise edge)
                                                      0.000     0.000 r  
    W5                                                0.000     0.000 r  clk_ext_port (IN)
                         net (fo=0)                   0.000     0.000    clk_ext_port
    W5                   IBUF (Prop_ibuf_I_O)         0.226     0.226 r  clk_ext_port_IBUF_inst/O
                         net (fo=1, routed)           0.631     0.858    clk_ext_port_IBUF
    BUFGCTRL_X0Y1        BUFG (Prop_bufg_I_O)         0.026     0.884 r  clk_ext_port_IBUF_BUFG_inst/O
                         net (fo=2, routed)           0.563     1.446    clocking/clk_ext_port_IBUF_BUFG
    SLICE_X36Y46         FDRE                                         r  clocking/pixel_clk_tog_reg/C
  -------------------------------------------------------------------    -------------------
    SLICE_X36Y46         FDRE (Prop_fdre_C_Q)         0.128     1.574 r  clocking/pixel_clk_tog_reg/Q
                         net (fo=2, routed)           0.319     1.893    clocking/I
    SLICE_X36Y46         LUT2 (Prop_lut2_I1_O)        0.100     1.993 r  clocking/pixel_clk_tog_i_1/O
                         net (fo=1, routed)           0.000     1.993    clocking/pixel_clk_tog_i_1_n_0
    SLICE_X36Y46         FDRE                                         r  clocking/pixel_clk_tog_reg/D
  -------------------------------------------------------------------    -------------------

                         (clock sys_clk_pin rise edge)
                                                      0.000     0.000 r  
    W5                                                0.000     0.000 r  clk_ext_port (IN)
                         net (fo=0)                   0.000     0.000    clk_ext_port
    W5                   IBUF (Prop_ibuf_I_O)         0.414     0.414 r  clk_ext_port_IBUF_inst/O
                         net (fo=1, routed)           0.685     1.099    clk_ext_port_IBUF
    BUFGCTRL_X0Y1        BUFG (Prop_bufg_I_O)         0.029     1.128 r  clk_ext_port_IBUF_BUFG_inst/O
                         net (fo=2, routed)           0.832     1.959    clocking/clk_ext_port_IBUF_BUFG
    SLICE_X36Y46         FDRE                                         r  clocking/pixel_clk_tog_reg/C
                         clock pessimism             -0.513     1.446    
    SLICE_X36Y46         FDRE (Hold_fdre_C_D)         0.107     1.553    clocking/pixel_clk_tog_reg
  -------------------------------------------------------------------
                         required time                         -1.553    
                         arrival time                           1.993    
  -------------------------------------------------------------------
                         slack                                  0.440    

Slack (MET) :             0.553ns  (arrival time - required time)
  Source:                 clocking/pixel_clk_divider_counter_reg[0]/C
                            (rising edge-triggered cell FDRE clocked by sys_clk_pin  {rise@0.000ns fall@5.000ns period=10.000ns})
  Destination:            clocking/pixel_clk_divider_counter_reg[0]/D
                            (rising edge-triggered cell FDRE clocked by sys_clk_pin  {rise@0.000ns fall@5.000ns period=10.000ns})
  Path Group:             sys_clk_pin
  Path Type:              Hold (Min at Fast Process Corner)
  Requirement:            0.000ns  (sys_clk_pin rise@0.000ns - sys_clk_pin rise@0.000ns)
  Data Path Delay:        0.644ns  (logic 0.186ns (28.860%)  route 0.458ns (71.140%))
  Logic Levels:           1  (LUT1=1)
  Clock Path Skew:        0.000ns (DCD - SCD - CPR)
    Destination Clock Delay (DCD):    1.959ns
    Source Clock Delay      (SCD):    1.446ns
    Clock Pessimism Removal (CPR):    0.513ns

    Location             Delay type                Incr(ns)  Path(ns)    Netlist Resource(s)
  -------------------------------------------------------------------    -------------------
                         (clock sys_clk_pin rise edge)
                                                      0.000     0.000 r  
    W5                                                0.000     0.000 r  clk_ext_port (IN)
                         net (fo=0)                   0.000     0.000    clk_ext_port
    W5                   IBUF (Prop_ibuf_I_O)         0.226     0.226 r  clk_ext_port_IBUF_inst/O
                         net (fo=1, routed)           0.631     0.858    clk_ext_port_IBUF
    BUFGCTRL_X0Y1        BUFG (Prop_bufg_I_O)         0.026     0.884 r  clk_ext_port_IBUF_BUFG_inst/O
                         net (fo=2, routed)           0.563     1.446    clocking/clk_ext_port_IBUF_BUFG
    SLICE_X36Y46         FDRE                                         r  clocking/pixel_clk_divider_counter_reg[0]/C
  -------------------------------------------------------------------    -------------------
    SLICE_X36Y46         FDRE (Prop_fdre_C_Q)         0.141     1.587 f  clocking/pixel_clk_divider_counter_reg[0]/Q
                         net (fo=2, routed)           0.458     2.046    clocking/pixel_clk_divider_counter
    SLICE_X36Y46         LUT1 (Prop_lut1_I0_O)        0.045     2.091 r  clocking/pixel_clk_divider_counter[0]_i_1/O
                         net (fo=1, routed)           0.000     2.091    clocking/p_0_in
    SLICE_X36Y46         FDRE                                         r  clocking/pixel_clk_divider_counter_reg[0]/D
  -------------------------------------------------------------------    -------------------

                         (clock sys_clk_pin rise edge)
                                                      0.000     0.000 r  
    W5                                                0.000     0.000 r  clk_ext_port (IN)
                         net (fo=0)                   0.000     0.000    clk_ext_port
    W5                   IBUF (Prop_ibuf_I_O)         0.414     0.414 r  clk_ext_port_IBUF_inst/O
                         net (fo=1, routed)           0.685     1.099    clk_ext_port_IBUF
    BUFGCTRL_X0Y1        BUFG (Prop_bufg_I_O)         0.029     1.128 r  clk_ext_port_IBUF_BUFG_inst/O
                         net (fo=2, routed)           0.832     1.959    clocking/clk_ext_port_IBUF_BUFG
    SLICE_X36Y46         FDRE                                         r  clocking/pixel_clk_divider_counter_reg[0]/C
                         clock pessimism             -0.513     1.446    
    SLICE_X36Y46         FDRE (Hold_fdre_C_D)         0.091     1.537    clocking/pixel_clk_divider_counter_reg[0]
  -------------------------------------------------------------------
                         required time                         -1.537    
                         arrival time                           2.091    
  -------------------------------------------------------------------
                         slack                                  0.553    





Pulse Width Checks
--------------------------------------------------------------------------------------
Clock Name:         sys_clk_pin
Waveform(ns):       { 0.000 5.000 }
Period(ns):         10.000
Sources:            { clk_ext_port }

Check Type        Corner  Lib Pin  Reference Pin  Required(ns)  Actual(ns)  Slack(ns)  Location       Pin
Min Period        n/a     BUFG/I   n/a            2.155         10.000      7.845      BUFGCTRL_X0Y1  clk_ext_port_IBUF_BUFG_inst/I
Min Period        n/a     FDRE/C   n/a            1.000         10.000      9.000      SLICE_X36Y46   clocking/pixel_clk_divider_counter_reg[0]/C
Min Period        n/a     FDRE/C   n/a            1.000         10.000      9.000      SLICE_X36Y46   clocking/pixel_clk_tog_reg/C
Low Pulse Width   Slow    FDRE/C   n/a            0.500         5.000       4.500      SLICE_X36Y46   clocking/pixel_clk_divider_counter_reg[0]/C
Low Pulse Width   Slow    FDRE/C   n/a            0.500         5.000       4.500      SLICE_X36Y46   clocking/pixel_clk_tog_reg/C
Low Pulse Width   Fast    FDRE/C   n/a            0.500         5.000       4.500      SLICE_X36Y46   clocking/pixel_clk_divider_counter_reg[0]/C
Low Pulse Width   Fast    FDRE/C   n/a            0.500         5.000       4.500      SLICE_X36Y46   clocking/pixel_clk_tog_reg/C
High Pulse Width  Fast    FDRE/C   n/a            0.500         5.000       4.500      SLICE_X36Y46   clocking/pixel_clk_divider_counter_reg[0]/C
High Pulse Width  Fast    FDRE/C   n/a            0.500         5.000       4.500      SLICE_X36Y46   clocking/pixel_clk_tog_reg/C
High Pulse Width  Slow    FDRE/C   n/a            0.500         5.000       4.500      SLICE_X36Y46   clocking/pixel_clk_divider_counter_reg[0]/C
High Pulse Width  Slow    FDRE/C   n/a            0.500         5.000       4.500      SLICE_X36Y46   clocking/pixel_clk_tog_reg/C



